<?xml version="1.0" encoding="UTF-8"?>
<testsuite name="com.bridgelabz.InvoiceGeneratorTest" tests="1" skipped="0" failures="0" errors="0" timestamp="2021-08-18T13:01:25" hostname="LAPTOP-K4FELRDJ" time="0.002">
  <properties/>
  <testcase name="givenLessDistanceAndTime_ShouldReturnMinimumFare" classname="com.bridgelabz.InvoiceGeneratorTest" time="0.002"/>
  <system-out><![CDATA[]]></system-out>
  <system-err><![CDATA[]]></system-err>
</testsuite>
